[23:45:33] [Info] こんにちは！ Booting Zettlr at Wed Mar 18 2026 23:45:33 GMT+0100 (Central European Standard Time).
[23:45:33] [Info] Registering custom protocol safe-file
[23:45:34] [Info] No configuration detected: Assuming first start and new version!
[23:46:12] [Info] [Dictionary Provider] Loaded dictionaries: en-US
[23:46:25] [Info] Clearing the FSAL cache ...
[23:46:25] [Error] FSAL Cache could not be cleared: ENOENT: no such file or directory, scandir '/home/mario51y1/.config/Zettlr/fsal/cache' | Native Error: Error; ENOENT: no such file or directory, scandir '/home/mario51y1/.config/Zettlr/fsal/cache' Stack Trace: Error: ENOENT: no such file or directory, scandir '/home/mario51y1/.config/Zettlr/fsal/cache' -->     at async readdir (node:internal/fs/promises:952:18) -->     at async t.default.clearCache (/usr/lib/zettlr/app.asar/.webpack/main/index.js:2:1813700) -->     at async $.boot (/usr/lib/zettlr/app.asar/.webpack/main/index.js:2:1823419) -->     at async t.AppServiceContainer._informativeBoot (/usr/lib/zettlr/app.asar/.webpack/main/index.js:2:1669861) -->     at async t.AppServiceContainer.boot (/usr/lib/zettlr/app.asar/.webpack/main/index.js:2:1665893) -->     at async t.bootApplication (/usr/lib/zettlr/app.asar/.webpack/main/index.js:2:1671641)
[23:46:25] [Warning] [Assets Provider] Required defaults file HTML to Markdown.yaml not found. Copying ...
[23:46:25] [Warning] [Assets Provider] Required defaults file HTML.yaml not found. Copying ...
[23:46:25] [Warning] [Assets Provider] Required defaults file LaTeX to Markdown.yaml not found. Copying ...
[23:46:25] [Warning] [Assets Provider] Required defaults file LaTeX.yaml not found. Copying ...
[23:46:25] [Warning] [Assets Provider] Required defaults file Markdown.yaml not found. Copying ...
[23:46:25] [Warning] [Assets Provider] Required defaults file Microsoft Word to Markdown.yaml not found. Copying ...
[23:46:25] [Warning] [Assets Provider] Required defaults file Microsoft Word.yaml not found. Copying ...
[23:46:25] [Warning] [Assets Provider] Required defaults file OPML to Markdown.yaml not found. Copying ...
[23:46:25] [Warning] [Assets Provider] Required defaults file Open Document Text to Markdown.yaml not found. Copying ...
[23:46:25] [Warning] [Assets Provider] Required defaults file Open Document Text.yaml not found. Copying ...
[23:46:25] [Warning] [Assets Provider] Required defaults file Orgmode to Markdown.yaml not found. Copying ...
[23:46:25] [Warning] [Assets Provider] Required defaults file Plain Text.yaml not found. Copying ...
[23:46:25] [Warning] [Assets Provider] Required defaults file Reveal.js.yaml not found. Copying ...
[23:46:25] [Warning] [Assets Provider] Required defaults file Rich Text Format.yaml not found. Copying ...
[23:46:25] [Warning] [Assets Provider] Required defaults file Textile to Markdown.yaml not found. Copying ...
[23:46:25] [Warning] [Assets Provider] Required defaults file Wiki to Markdown.yaml not found. Copying ...
[23:46:25] [Warning] [Assets Provider] Required defaults file XeLaTeX PDF.yaml not found. Copying ...
[23:46:25] [Warning] [Assets Provider] Required defaults file reStructuredText to Markdown.yaml not found. Copying ...
[23:46:25] [Warning] [Assets Provider] Required defaults file text2tags to Markdown.yaml not found. Copying ...
[23:46:25] [Warning] [Assets Provider] Required filter links.lua not found. Copying ...
[23:46:25] [Warning] [Assets Provider] Required filter tags.lua not found. Copying ...
[23:46:25] [Info] [FSAL] Discovered paths in 0ms
[23:46:25] [Info] [FSAL] Re-indexed workspaces in 0ms
[23:46:25] [Info] [Window Manager] Window Manager started.
[23:46:25] [Info] [Citeproc Provider] Loading CSL locale file at /usr/lib/zettlr/app.asar/.webpack/main/assets/csl-locales/locales-en-US.xml ...
[23:46:25] [Info] [Document Manager] Initializing document storage ...
[23:46:25] [Info] [Document Manager] Restored 1 open windows.
[23:46:25] [Info] [AppServiceContainer] Boot successful!
[23:46:25] [Info] [AppServiceContainer] Copying over the interactive tutorial!
[23:46:25] [Info] [Application] Successfully copied the tutorial files | Details: LaTeX Guide.md, LaTeX Guide.pdf, citing.md, helpful-links.md, references.json, split-view-intro.md, welcome.md, zettelkasten.md, zettlr.png
[23:46:25] [Info] [FSAL] Discovered paths in 2ms
[23:46:25] [Info] [FSALCache] Creating new shard: -6
[23:46:25] [Info] [FSALCache] Creating new shard: 12
[23:46:25] [Info] [FSALCache] Creating new shard: 15
[23:46:25] [Info] [FSALCache] Creating new shard: 19
[23:46:25] [Info] [FSALCache] Creating new shard: -1
[23:46:25] [Info] [FSALCache] Creating new shard: -2
[23:46:25] [Info] [FSALCache] Creating new shard: -7
[23:46:25] [Info] [FSALCache] Creating new shard: 13
[23:46:25] [Info] [FSALCache] Creating new shard: -3
[23:46:25] [Info] [FSAL] Re-indexed workspaces in 34ms
[23:46:25] [Info] [R] [Main Window (f19c88fa-a7c2-4083-aefb-4f077c1e349c)] Fetched all paths in 79ms (index.js:2)
[23:46:26] [Info] [R] [Main Window (f19c88fa-a7c2-4083-aefb-4f077c1e349c)] Fetched all descriptors in 146ms (index.js:2)
[23:46:39] [Info] さようなら！ Shutting down at Wed Mar 18 2026 23:46:39 GMT+0100 (Central European Standard Time)
[23:46:39] [Info] Application uptime was: 1 minutes, and 5.799 seconds.
[23:46:39] [Warning] [FSAL Cache] Cache data dir does not yet exist: /home/mario51y1/.config/Zettlr/fsal/cache.
[23:46:39] [Info] [FSAL Cache] Cleaned up cache: Removed 0 remnants.
